<?xml version="1.0" encoding="UTF-8"?>
<testsuite xmlns:xsi="http://www.w3.org/2001/XMLSchema-instance" xsi:noNamespaceSchemaLocation="https://maven.apache.org/surefire/maven-surefire-plugin/xsd/surefire-test-report.xsd" name="ManagerProductTest" time="0.093" tests="6" errors="0" skipped="0" failures="0">
  <properties>
[...]
</properties>
  <testcase name="removeByName" classname="ManagerProductTest" time="0.054"/>
  <testcase name="findAll" classname="ManagerProductTest" time="0.002"/>
  <testcase name="add" classname="ManagerProductTest" time="0.003"/>
  <testcase name="removeById" classname="ManagerProductTest" time="0"/>
  <testcase name="removeByPrice" classname="ManagerProductTest" time="0"/>
  <testcase name="addRepositoryManager" classname="ManagerProductTest" time="0.008"/>
</testsuite>